C:\Users\srikarans\Documents\GitHub\Angular-core-admin\Core-CoreUI-Empty\Empty-coreui\dist\out-tsc\e2e\app.po.js
C:\Users\srikarans\Documents\GitHub\Angular-core-admin\Core-CoreUI-Empty\Empty-coreui\dist\out-tsc\e2e\app.po.js.map
C:\Users\srikarans\Documents\GitHub\Angular-core-admin\Core-CoreUI-Empty\Empty-coreui\dist\out-tsc\e2e\app.e2e-spec.js
C:\Users\srikarans\Documents\GitHub\Angular-core-admin\Core-CoreUI-Empty\Empty-coreui\dist\out-tsc\e2e\app.e2e-spec.js.map
C:\Users\srikarans\Documents\GitHub\Angular-core-admin\Core-CoreUI-Empty\Empty-coreui\dist\out-tsc\src\app\app.component.js
C:\Users\srikarans\Documents\GitHub\Angular-core-admin\Core-CoreUI-Empty\Empty-coreui\dist\out-tsc\src\app\app.component.js.map
C:\Users\srikarans\Documents\GitHub\Angular-core-admin\Core-CoreUI-Empty\Empty-coreui\dist\out-tsc\src\app\_nav.js
C:\Users\srikarans\Documents\GitHub\Angular-core-admin\Core-CoreUI-Empty\Empty-coreui\dist\out-tsc\src\app\_nav.js.map
C:\Users\srikarans\Documents\GitHub\Angular-core-admin\Core-CoreUI-Empty\Empty-coreui\dist\out-tsc\src\app\containers\default-layout\default-layout.component.js
C:\Users\srikarans\Documents\GitHub\Angular-core-admin\Core-CoreUI-Empty\Empty-coreui\dist\out-tsc\src\app\containers\default-layout\default-layout.component.js.map
C:\Users\srikarans\Documents\GitHub\Angular-core-admin\Core-CoreUI-Empty\Empty-coreui\dist\out-tsc\src\app\containers\default-layout\index.js
C:\Users\srikarans\Documents\GitHub\Angular-core-admin\Core-CoreUI-Empty\Empty-coreui\dist\out-tsc\src\app\containers\default-layout\index.js.map
C:\Users\srikarans\Documents\GitHub\Angular-core-admin\Core-CoreUI-Empty\Empty-coreui\dist\out-tsc\src\app\containers\index.js
C:\Users\srikarans\Documents\GitHub\Angular-core-admin\Core-CoreUI-Empty\Empty-coreui\dist\out-tsc\src\app\containers\index.js.map
C:\Users\srikarans\Documents\GitHub\Angular-core-admin\Core-CoreUI-Empty\Empty-coreui\dist\out-tsc\src\app\views\error\404.component.js
C:\Users\srikarans\Documents\GitHub\Angular-core-admin\Core-CoreUI-Empty\Empty-coreui\dist\out-tsc\src\app\views\error\404.component.js.map
C:\Users\srikarans\Documents\GitHub\Angular-core-admin\Core-CoreUI-Empty\Empty-coreui\dist\out-tsc\src\app\views\error\500.component.js
C:\Users\srikarans\Documents\GitHub\Angular-core-admin\Core-CoreUI-Empty\Empty-coreui\dist\out-tsc\src\app\views\error\500.component.js.map
C:\Users\srikarans\Documents\GitHub\Angular-core-admin\Core-CoreUI-Empty\Empty-coreui\dist\out-tsc\src\app\views\login\login.component.js
C:\Users\srikarans\Documents\GitHub\Angular-core-admin\Core-CoreUI-Empty\Empty-coreui\dist\out-tsc\src\app\views\login\login.component.js.map
C:\Users\srikarans\Documents\GitHub\Angular-core-admin\Core-CoreUI-Empty\Empty-coreui\dist\out-tsc\src\app\views\register\register.component.js
C:\Users\srikarans\Documents\GitHub\Angular-core-admin\Core-CoreUI-Empty\Empty-coreui\dist\out-tsc\src\app\views\register\register.component.js.map
C:\Users\srikarans\Documents\GitHub\Angular-core-admin\Core-CoreUI-Empty\Empty-coreui\dist\out-tsc\src\app\app.routing.js
C:\Users\srikarans\Documents\GitHub\Angular-core-admin\Core-CoreUI-Empty\Empty-coreui\dist\out-tsc\src\app\app.routing.js.map
C:\Users\srikarans\Documents\GitHub\Angular-core-admin\Core-CoreUI-Empty\Empty-coreui\dist\out-tsc\src\app\app.module.js
C:\Users\srikarans\Documents\GitHub\Angular-core-admin\Core-CoreUI-Empty\Empty-coreui\dist\out-tsc\src\app\app.module.js.map
C:\Users\srikarans\Documents\GitHub\Angular-core-admin\Core-CoreUI-Empty\Empty-coreui\dist\out-tsc\src\environments\environment.js
C:\Users\srikarans\Documents\GitHub\Angular-core-admin\Core-CoreUI-Empty\Empty-coreui\dist\out-tsc\src\environments\environment.js.map
C:\Users\srikarans\Documents\GitHub\Angular-core-admin\Core-CoreUI-Empty\Empty-coreui\dist\out-tsc\src\main.js
C:\Users\srikarans\Documents\GitHub\Angular-core-admin\Core-CoreUI-Empty\Empty-coreui\dist\out-tsc\src\main.js.map
C:\Users\srikarans\Documents\GitHub\Angular-core-admin\Core-CoreUI-Empty\Empty-coreui\dist\out-tsc\src\polyfills.js
C:\Users\srikarans\Documents\GitHub\Angular-core-admin\Core-CoreUI-Empty\Empty-coreui\dist\out-tsc\src\polyfills.js.map
C:\Users\srikarans\Documents\GitHub\Angular-core-admin\Core-CoreUI-Empty\Empty-coreui\dist\out-tsc\src\test.js
C:\Users\srikarans\Documents\GitHub\Angular-core-admin\Core-CoreUI-Empty\Empty-coreui\dist\out-tsc\src\test.js.map
C:\Users\srikarans\Documents\GitHub\Angular-core-admin\Core-CoreUI-Empty\Empty-coreui\dist\out-tsc\src\app\app.component.spec.js
C:\Users\srikarans\Documents\GitHub\Angular-core-admin\Core-CoreUI-Empty\Empty-coreui\dist\out-tsc\src\app\app.component.spec.js.map
C:\Users\srikarans\Documents\GitHub\Angular-core-admin\Core-CoreUI-Empty\Empty-coreui\dist\out-tsc\src\environments\environment.prod.js
C:\Users\srikarans\Documents\GitHub\Angular-core-admin\Core-CoreUI-Empty\Empty-coreui\dist\out-tsc\src\environments\environment.prod.js.map
C:\Users\srikarans\Documents\GitHub\Angular-core-admin\Core-CoreUI-Empty\Empty-coreui\dist\out-tsc\src\app\views\base\cards.component.js
C:\Users\srikarans\Documents\GitHub\Angular-core-admin\Core-CoreUI-Empty\Empty-coreui\dist\out-tsc\src\app\views\base\cards.component.js.map
C:\Users\srikarans\Documents\GitHub\Angular-core-admin\Core-CoreUI-Empty\Empty-coreui\dist\out-tsc\src\app\views\base\forms.component.js
C:\Users\srikarans\Documents\GitHub\Angular-core-admin\Core-CoreUI-Empty\Empty-coreui\dist\out-tsc\src\app\views\base\forms.component.js.map
C:\Users\srikarans\Documents\GitHub\Angular-core-admin\Core-CoreUI-Empty\Empty-coreui\dist\out-tsc\src\app\views\base\switches.component.js
C:\Users\srikarans\Documents\GitHub\Angular-core-admin\Core-CoreUI-Empty\Empty-coreui\dist\out-tsc\src\app\views\base\switches.component.js.map
C:\Users\srikarans\Documents\GitHub\Angular-core-admin\Core-CoreUI-Empty\Empty-coreui\dist\out-tsc\src\app\views\base\tables.component.js
C:\Users\srikarans\Documents\GitHub\Angular-core-admin\Core-CoreUI-Empty\Empty-coreui\dist\out-tsc\src\app\views\base\tables.component.js.map
C:\Users\srikarans\Documents\GitHub\Angular-core-admin\Core-CoreUI-Empty\Empty-coreui\dist\out-tsc\src\app\views\base\tabs.component.js
C:\Users\srikarans\Documents\GitHub\Angular-core-admin\Core-CoreUI-Empty\Empty-coreui\dist\out-tsc\src\app\views\base\tabs.component.js.map
C:\Users\srikarans\Documents\GitHub\Angular-core-admin\Core-CoreUI-Empty\Empty-coreui\dist\out-tsc\src\app\views\base\carousels.component.js
C:\Users\srikarans\Documents\GitHub\Angular-core-admin\Core-CoreUI-Empty\Empty-coreui\dist\out-tsc\src\app\views\base\carousels.component.js.map
C:\Users\srikarans\Documents\GitHub\Angular-core-admin\Core-CoreUI-Empty\Empty-coreui\dist\out-tsc\src\app\views\base\collapses.component.js
C:\Users\srikarans\Documents\GitHub\Angular-core-admin\Core-CoreUI-Empty\Empty-coreui\dist\out-tsc\src\app\views\base\collapses.component.js.map
C:\Users\srikarans\Documents\GitHub\Angular-core-admin\Core-CoreUI-Empty\Empty-coreui\dist\out-tsc\src\app\views\base\paginations.component.js
C:\Users\srikarans\Documents\GitHub\Angular-core-admin\Core-CoreUI-Empty\Empty-coreui\dist\out-tsc\src\app\views\base\paginations.component.js.map
C:\Users\srikarans\Documents\GitHub\Angular-core-admin\Core-CoreUI-Empty\Empty-coreui\dist\out-tsc\src\app\views\base\popovers.component.js
C:\Users\srikarans\Documents\GitHub\Angular-core-admin\Core-CoreUI-Empty\Empty-coreui\dist\out-tsc\src\app\views\base\popovers.component.js.map
C:\Users\srikarans\Documents\GitHub\Angular-core-admin\Core-CoreUI-Empty\Empty-coreui\dist\out-tsc\src\app\views\base\progress.component.js
C:\Users\srikarans\Documents\GitHub\Angular-core-admin\Core-CoreUI-Empty\Empty-coreui\dist\out-tsc\src\app\views\base\progress.component.js.map
C:\Users\srikarans\Documents\GitHub\Angular-core-admin\Core-CoreUI-Empty\Empty-coreui\dist\out-tsc\src\app\views\base\tooltips.component.js
C:\Users\srikarans\Documents\GitHub\Angular-core-admin\Core-CoreUI-Empty\Empty-coreui\dist\out-tsc\src\app\views\base\tooltips.component.js.map
C:\Users\srikarans\Documents\GitHub\Angular-core-admin\Core-CoreUI-Empty\Empty-coreui\dist\out-tsc\src\app\views\base\base-routing.module.js
C:\Users\srikarans\Documents\GitHub\Angular-core-admin\Core-CoreUI-Empty\Empty-coreui\dist\out-tsc\src\app\views\base\base-routing.module.js.map
C:\Users\srikarans\Documents\GitHub\Angular-core-admin\Core-CoreUI-Empty\Empty-coreui\dist\out-tsc\src\app\views\base\base.module.js
C:\Users\srikarans\Documents\GitHub\Angular-core-admin\Core-CoreUI-Empty\Empty-coreui\dist\out-tsc\src\app\views\base\base.module.js.map
C:\Users\srikarans\Documents\GitHub\Angular-core-admin\Core-CoreUI-Empty\Empty-coreui\dist\out-tsc\src\app\views\buttons\brand-buttons.component.js
C:\Users\srikarans\Documents\GitHub\Angular-core-admin\Core-CoreUI-Empty\Empty-coreui\dist\out-tsc\src\app\views\buttons\brand-buttons.component.js.map
C:\Users\srikarans\Documents\GitHub\Angular-core-admin\Core-CoreUI-Empty\Empty-coreui\dist\out-tsc\src\app\views\buttons\buttons.component.js
C:\Users\srikarans\Documents\GitHub\Angular-core-admin\Core-CoreUI-Empty\Empty-coreui\dist\out-tsc\src\app\views\buttons\buttons.component.js.map
C:\Users\srikarans\Documents\GitHub\Angular-core-admin\Core-CoreUI-Empty\Empty-coreui\dist\out-tsc\src\app\views\buttons\dropdowns.component.js
C:\Users\srikarans\Documents\GitHub\Angular-core-admin\Core-CoreUI-Empty\Empty-coreui\dist\out-tsc\src\app\views\buttons\dropdowns.component.js.map
C:\Users\srikarans\Documents\GitHub\Angular-core-admin\Core-CoreUI-Empty\Empty-coreui\dist\out-tsc\src\app\views\buttons\buttons-routing.module.js
C:\Users\srikarans\Documents\GitHub\Angular-core-admin\Core-CoreUI-Empty\Empty-coreui\dist\out-tsc\src\app\views\buttons\buttons-routing.module.js.map
C:\Users\srikarans\Documents\GitHub\Angular-core-admin\Core-CoreUI-Empty\Empty-coreui\dist\out-tsc\src\app\views\buttons\buttons.module.js
C:\Users\srikarans\Documents\GitHub\Angular-core-admin\Core-CoreUI-Empty\Empty-coreui\dist\out-tsc\src\app\views\buttons\buttons.module.js.map
C:\Users\srikarans\Documents\GitHub\Angular-core-admin\Core-CoreUI-Empty\Empty-coreui\dist\out-tsc\src\app\views\chartjs\chartjs.component.js
C:\Users\srikarans\Documents\GitHub\Angular-core-admin\Core-CoreUI-Empty\Empty-coreui\dist\out-tsc\src\app\views\chartjs\chartjs.component.js.map
C:\Users\srikarans\Documents\GitHub\Angular-core-admin\Core-CoreUI-Empty\Empty-coreui\dist\out-tsc\src\app\views\chartjs\chartjs-routing.module.js
C:\Users\srikarans\Documents\GitHub\Angular-core-admin\Core-CoreUI-Empty\Empty-coreui\dist\out-tsc\src\app\views\chartjs\chartjs-routing.module.js.map
C:\Users\srikarans\Documents\GitHub\Angular-core-admin\Core-CoreUI-Empty\Empty-coreui\dist\out-tsc\src\app\views\chartjs\chartjs.module.js
C:\Users\srikarans\Documents\GitHub\Angular-core-admin\Core-CoreUI-Empty\Empty-coreui\dist\out-tsc\src\app\views\chartjs\chartjs.module.js.map
C:\Users\srikarans\Documents\GitHub\Angular-core-admin\Core-CoreUI-Empty\Empty-coreui\dist\out-tsc\src\app\views\dashboard\dashboard.component.js
C:\Users\srikarans\Documents\GitHub\Angular-core-admin\Core-CoreUI-Empty\Empty-coreui\dist\out-tsc\src\app\views\dashboard\dashboard.component.js.map
C:\Users\srikarans\Documents\GitHub\Angular-core-admin\Core-CoreUI-Empty\Empty-coreui\dist\out-tsc\src\app\views\dashboard\dashboard-routing.module.js
C:\Users\srikarans\Documents\GitHub\Angular-core-admin\Core-CoreUI-Empty\Empty-coreui\dist\out-tsc\src\app\views\dashboard\dashboard-routing.module.js.map
C:\Users\srikarans\Documents\GitHub\Angular-core-admin\Core-CoreUI-Empty\Empty-coreui\dist\out-tsc\src\app\views\dashboard\dashboard.module.js
C:\Users\srikarans\Documents\GitHub\Angular-core-admin\Core-CoreUI-Empty\Empty-coreui\dist\out-tsc\src\app\views\dashboard\dashboard.module.js.map
C:\Users\srikarans\Documents\GitHub\Angular-core-admin\Core-CoreUI-Empty\Empty-coreui\dist\out-tsc\src\app\views\icons\coreui-icons.component.js
C:\Users\srikarans\Documents\GitHub\Angular-core-admin\Core-CoreUI-Empty\Empty-coreui\dist\out-tsc\src\app\views\icons\coreui-icons.component.js.map
C:\Users\srikarans\Documents\GitHub\Angular-core-admin\Core-CoreUI-Empty\Empty-coreui\dist\out-tsc\src\app\views\icons\flags.component.js
C:\Users\srikarans\Documents\GitHub\Angular-core-admin\Core-CoreUI-Empty\Empty-coreui\dist\out-tsc\src\app\views\icons\flags.component.js.map
C:\Users\srikarans\Documents\GitHub\Angular-core-admin\Core-CoreUI-Empty\Empty-coreui\dist\out-tsc\src\app\views\icons\font-awesome.component.js
C:\Users\srikarans\Documents\GitHub\Angular-core-admin\Core-CoreUI-Empty\Empty-coreui\dist\out-tsc\src\app\views\icons\font-awesome.component.js.map
C:\Users\srikarans\Documents\GitHub\Angular-core-admin\Core-CoreUI-Empty\Empty-coreui\dist\out-tsc\src\app\views\icons\simple-line-icons.component.js
C:\Users\srikarans\Documents\GitHub\Angular-core-admin\Core-CoreUI-Empty\Empty-coreui\dist\out-tsc\src\app\views\icons\simple-line-icons.component.js.map
C:\Users\srikarans\Documents\GitHub\Angular-core-admin\Core-CoreUI-Empty\Empty-coreui\dist\out-tsc\src\app\views\icons\icons-routing.module.js
C:\Users\srikarans\Documents\GitHub\Angular-core-admin\Core-CoreUI-Empty\Empty-coreui\dist\out-tsc\src\app\views\icons\icons-routing.module.js.map
C:\Users\srikarans\Documents\GitHub\Angular-core-admin\Core-CoreUI-Empty\Empty-coreui\dist\out-tsc\src\app\views\icons\icons.module.js
C:\Users\srikarans\Documents\GitHub\Angular-core-admin\Core-CoreUI-Empty\Empty-coreui\dist\out-tsc\src\app\views\icons\icons.module.js.map
C:\Users\srikarans\Documents\GitHub\Angular-core-admin\Core-CoreUI-Empty\Empty-coreui\dist\out-tsc\src\app\views\notifications\alerts.component.js
C:\Users\srikarans\Documents\GitHub\Angular-core-admin\Core-CoreUI-Empty\Empty-coreui\dist\out-tsc\src\app\views\notifications\alerts.component.js.map
C:\Users\srikarans\Documents\GitHub\Angular-core-admin\Core-CoreUI-Empty\Empty-coreui\dist\out-tsc\src\app\views\notifications\badges.component.js
C:\Users\srikarans\Documents\GitHub\Angular-core-admin\Core-CoreUI-Empty\Empty-coreui\dist\out-tsc\src\app\views\notifications\badges.component.js.map
C:\Users\srikarans\Documents\GitHub\Angular-core-admin\Core-CoreUI-Empty\Empty-coreui\dist\out-tsc\src\app\views\notifications\modals.component.js
C:\Users\srikarans\Documents\GitHub\Angular-core-admin\Core-CoreUI-Empty\Empty-coreui\dist\out-tsc\src\app\views\notifications\modals.component.js.map
C:\Users\srikarans\Documents\GitHub\Angular-core-admin\Core-CoreUI-Empty\Empty-coreui\dist\out-tsc\src\app\views\notifications\notifications-routing.module.js
C:\Users\srikarans\Documents\GitHub\Angular-core-admin\Core-CoreUI-Empty\Empty-coreui\dist\out-tsc\src\app\views\notifications\notifications-routing.module.js.map
C:\Users\srikarans\Documents\GitHub\Angular-core-admin\Core-CoreUI-Empty\Empty-coreui\dist\out-tsc\src\app\views\notifications\notifications.module.js
C:\Users\srikarans\Documents\GitHub\Angular-core-admin\Core-CoreUI-Empty\Empty-coreui\dist\out-tsc\src\app\views\notifications\notifications.module.js.map
C:\Users\srikarans\Documents\GitHub\Angular-core-admin\Core-CoreUI-Empty\Empty-coreui\dist\out-tsc\src\app\views\theme\colors.component.js
C:\Users\srikarans\Documents\GitHub\Angular-core-admin\Core-CoreUI-Empty\Empty-coreui\dist\out-tsc\src\app\views\theme\colors.component.js.map
C:\Users\srikarans\Documents\GitHub\Angular-core-admin\Core-CoreUI-Empty\Empty-coreui\dist\out-tsc\src\app\views\theme\typography.component.js
C:\Users\srikarans\Documents\GitHub\Angular-core-admin\Core-CoreUI-Empty\Empty-coreui\dist\out-tsc\src\app\views\theme\typography.component.js.map
C:\Users\srikarans\Documents\GitHub\Angular-core-admin\Core-CoreUI-Empty\Empty-coreui\dist\out-tsc\src\app\views\theme\theme-routing.module.js
C:\Users\srikarans\Documents\GitHub\Angular-core-admin\Core-CoreUI-Empty\Empty-coreui\dist\out-tsc\src\app\views\theme\theme-routing.module.js.map
C:\Users\srikarans\Documents\GitHub\Angular-core-admin\Core-CoreUI-Empty\Empty-coreui\dist\out-tsc\src\app\views\theme\theme.module.js
C:\Users\srikarans\Documents\GitHub\Angular-core-admin\Core-CoreUI-Empty\Empty-coreui\dist\out-tsc\src\app\views\theme\theme.module.js.map
C:\Users\srikarans\Documents\GitHub\Angular-core-admin\Core-CoreUI-Empty\Empty-coreui\dist\out-tsc\src\app\views\widgets\widgets.component.js
C:\Users\srikarans\Documents\GitHub\Angular-core-admin\Core-CoreUI-Empty\Empty-coreui\dist\out-tsc\src\app\views\widgets\widgets.component.js.map
C:\Users\srikarans\Documents\GitHub\Angular-core-admin\Core-CoreUI-Empty\Empty-coreui\dist\out-tsc\src\app\views\widgets\widgets-routing.module.js
C:\Users\srikarans\Documents\GitHub\Angular-core-admin\Core-CoreUI-Empty\Empty-coreui\dist\out-tsc\src\app\views\widgets\widgets-routing.module.js.map
C:\Users\srikarans\Documents\GitHub\Angular-core-admin\Core-CoreUI-Empty\Empty-coreui\dist\out-tsc\src\app\views\widgets\widgets.module.js
C:\Users\srikarans\Documents\GitHub\Angular-core-admin\Core-CoreUI-Empty\Empty-coreui\dist\out-tsc\src\app\views\widgets\widgets.module.js.map
